[2016-11-24 04:26:19] (ERROR @ /opt/lampp/htdocs/core/model/modx/modcachemanager.class.php : 317) Could not cache resource 1
[2016-11-24 05:37:49] (ERROR @ /opt/lampp/htdocs/core/model/modx/modcachemanager.class.php : 100) Resource URI shoop-men.html/link-2/пиджак-1.html already exists for resource id = 31; skipping duplicate resource URI for resource id = 32
[2016-11-24 05:38:36] (ERROR @ /opt/lampp/htdocs/core/model/modx/modcachemanager.class.php : 100) Resource URI shoop-men.html/link-2/пиджак-1.html already exists for resource id = 31; skipping duplicate resource URI for resource id = 32
[2016-11-24 05:38:42] (ERROR @ /opt/lampp/htdocs/core/model/modx/modcachemanager.class.php : 100) Resource URI shoop-men.html/link-2/пиджак-1.html already exists for resource id = 31; skipping duplicate resource URI for resource id = 32
[2016-11-24 05:38:42] (ERROR @ /opt/lampp/htdocs/core/model/modx/modcachemanager.class.php : 100) Resource URI shoop-men.html/link-2/пиджак-3.html already exists for resource id = 33; skipping duplicate resource URI for resource id = 34
[2016-11-24 05:39:02] (ERROR @ /opt/lampp/htdocs/core/model/modx/modcachemanager.class.php : 100) Resource URI shoop-men.html/link-2/пиджак-3.html already exists for resource id = 33; skipping duplicate resource URI for resource id = 34
[2016-11-24 07:14:17] (ERROR @ /opt/lampp/htdocs/core/model/modx/modcachemanager.class.php : 344) Error caching lexicon topic lexicon/ru/minishop2/setting
[2016-11-24 09:11:20] (ERROR @ /opt/lampp/htdocs/core/model/modx/modcachemanager.class.php : 317) Could not cache resource 1
[2016-11-24 09:20:52] (ERROR @ /opt/lampp/htdocs/core/components/minishop2/model/minishop2/msproductfile.class.php : 220) Could not remove file at "27/120x90/model1.jpg": file_folder_err_ns: /opt/lampp/htdocs/assets/images/products/27/120x90/model1.jpg
[2016-11-24 09:20:52] (ERROR @ /opt/lampp/htdocs/core/components/minishop2/model/minishop2/msproductfile.class.php : 220) Could not remove file at "27/360x270/model1.jpg": file_folder_err_ns: /opt/lampp/htdocs/assets/images/products/27/360x270/model1.jpg
[2016-11-24 09:20:52] (ERROR @ /opt/lampp/htdocs/core/components/minishop2/model/minishop2/msproductfile.class.php : 220) Could not remove file at "27/120x90/model2.jpg": file_folder_err_ns: /opt/lampp/htdocs/assets/images/products/27/120x90/model2.jpg
[2016-11-24 09:20:52] (ERROR @ /opt/lampp/htdocs/core/components/minishop2/model/minishop2/msproductfile.class.php : 220) Could not remove file at "27/360x270/model2.jpg": file_folder_err_ns: /opt/lampp/htdocs/assets/images/products/27/360x270/model2.jpg
[2016-11-24 09:20:52] (ERROR @ /opt/lampp/htdocs/core/components/minishop2/model/minishop2/msproductfile.class.php : 220) Could not remove file at "27/120x90/men.jpg": file_folder_err_ns: /opt/lampp/htdocs/assets/images/products/27/120x90/men.jpg
[2016-11-24 09:20:52] (ERROR @ /opt/lampp/htdocs/core/components/minishop2/model/minishop2/msproductfile.class.php : 220) Could not remove file at "27/360x270/men.jpg": file_folder_err_ns: /opt/lampp/htdocs/assets/images/products/27/360x270/men.jpg
[2016-11-24 09:20:52] (ERROR @ /opt/lampp/htdocs/core/components/minishop2/model/minishop2/msproductfile.class.php : 220) Could not remove file at "27/120x90/wom.jpg": file_folder_err_ns: /opt/lampp/htdocs/assets/images/products/27/120x90/wom.jpg
[2016-11-24 09:20:52] (ERROR @ /opt/lampp/htdocs/core/components/minishop2/model/minishop2/msproductfile.class.php : 220) Could not remove file at "27/360x270/wom.jpg": file_folder_err_ns: /opt/lampp/htdocs/assets/images/products/27/360x270/wom.jpg
[2016-11-24 09:20:52] (ERROR @ /opt/lampp/htdocs/core/components/minishop2/model/minishop2/msproductfile.class.php : 220) Could not remove file at "38/120x90/44b78b6b2e113a9fdd2cb8a8e19a0281d801e0dd.png": file_folder_err_ns: /opt/lampp/htdocs/38/120x90/44b78b6b2e113a9fdd2cb8a8e19a0281d801e0dd.png
[2016-11-25 03:59:35] (ERROR @ /opt/lampp/htdocs/core/model/phpthumb/phpthumb.class.php : 1686) PHP warning: getimagesize(/opt/lampp/htdocs/&lt;a href=): failed to open stream: Нет такого файла или каталога
[2016-11-25 03:59:35] (ERROR @ /opt/lampp/htdocs/core/model/phpthumb/modphpthumb.class.php : 121) phpThumb was unable to generate a thumbnail for: /opt/lampp/htdocs/core/cache/phpthumb/localhost__src48b472b786057f801dc6b7b42d8c52e5_par0ba78bb0326502335f8683fdf331013a_dat0.jpeg
[2016-11-25 03:59:35] (ERROR @ /opt/lampp/htdocs/core/model/phpthumb/modphpthumb.class.php : 133) Error outputting thumbnail:
OutputThumbnail() failed because !is_resource($this->gdimg_output) in file "phpthumb.class.php" on line 618
[2016-11-25 05:41:00] (ERROR @ /opt/lampp/htdocs/core/model/phpthumb/phpthumb.class.php : 1686) PHP warning: getimagesize(/opt/lampp/htdocs/&lt;img src=): failed to open stream: Нет такого файла или каталога
[2016-11-25 05:41:00] (ERROR @ /opt/lampp/htdocs/core/model/phpthumb/modphpthumb.class.php : 121) phpThumb was unable to generate a thumbnail for: /opt/lampp/htdocs/core/cache/phpthumb/localhost__src74c1e3b8dfd388411b0840b3c9104799_par0ba78bb0326502335f8683fdf331013a_dat0.jpeg
[2016-11-25 05:41:00] (ERROR @ /opt/lampp/htdocs/core/model/phpthumb/modphpthumb.class.php : 133) Error outputting thumbnail:
OutputThumbnail() failed because !is_resource($this->gdimg_output) in file "phpthumb.class.php" on line 618
[2016-11-25 06:03:14] (ERROR @ /opt/lampp/htdocs/core/model/phpthumb/phpthumb.class.php : 1686) PHP warning: getimagesize(/opt/lampp/htdocs/&lt;img src=): failed to open stream: Нет такого файла или каталога
[2016-11-25 06:03:14] (ERROR @ /opt/lampp/htdocs/core/model/phpthumb/modphpthumb.class.php : 121) phpThumb was unable to generate a thumbnail for: /opt/lampp/htdocs/core/cache/phpthumb/localhost__src74c1e3b8dfd388411b0840b3c9104799_par0ba78bb0326502335f8683fdf331013a_dat0.jpeg
[2016-11-25 06:03:14] (ERROR @ /opt/lampp/htdocs/core/model/phpthumb/modphpthumb.class.php : 133) Error outputting thumbnail:
OutputThumbnail() failed because !is_resource($this->gdimg_output) in file "phpthumb.class.php" on line 618
[2016-11-25 06:03:15] (ERROR @ /opt/lampp/htdocs/core/model/phpthumb/phpthumb.class.php : 1686) PHP warning: getimagesize(/opt/lampp/htdocs/&lt;img src=): failed to open stream: Нет такого файла или каталога
[2016-11-25 06:03:15] (ERROR @ /opt/lampp/htdocs/core/model/phpthumb/modphpthumb.class.php : 121) phpThumb was unable to generate a thumbnail for: /opt/lampp/htdocs/core/cache/phpthumb/localhost__src74c1e3b8dfd388411b0840b3c9104799_par0ba78bb0326502335f8683fdf331013a_dat0.jpeg
[2016-11-25 06:03:15] (ERROR @ /opt/lampp/htdocs/core/model/phpthumb/modphpthumb.class.php : 133) Error outputting thumbnail:
OutputThumbnail() failed because !is_resource($this->gdimg_output) in file "phpthumb.class.php" on line 618
[2016-11-25 06:03:30] (ERROR @ /opt/lampp/htdocs/core/model/phpthumb/modphpthumb.class.php : 121) phpThumb was unable to generate a thumbnail for: /opt/lampp/htdocs/core/cache/phpthumb/localhost__srcc886e0cd5d3287ff78ebc6d6055decaf_par0ba78bb0326502335f8683fdf331013a_dat1479703888.jpeg
[2016-11-25 06:03:30] (ERROR @ /opt/lampp/htdocs/core/model/phpthumb/modphpthumb.class.php : 133) Error outputting thumbnail:
OutputThumbnail() failed because !is_resource($this->gdimg_output) in file "phpthumb.class.php" on line 618
[2016-11-25 06:19:35] (ERROR @ /opt/lampp/htdocs/core/model/phpthumb/modphpthumb.class.php : 121) phpThumb was unable to generate a thumbnail for: /opt/lampp/htdocs/core/cache/phpthumb/localhost__src82bd974304b86d02e7aa9e9e78bf0814_par0ba78bb0326502335f8683fdf331013a_dat1479105716.jpeg
[2016-11-25 06:19:35] (ERROR @ /opt/lampp/htdocs/core/model/phpthumb/modphpthumb.class.php : 133) Error outputting thumbnail:
OutputThumbnail() failed because !is_resource($this->gdimg_output) in file "phpthumb.class.php" on line 618
[2016-11-25 06:19:43] (ERROR @ /opt/lampp/htdocs/core/model/phpthumb/phpthumb.class.php : 1686) PHP warning: getimagesize(/opt/lampp/htdocs/ &lt;img src=): failed to open stream: Нет такого файла или каталога
[2016-11-25 06:19:43] (ERROR @ /opt/lampp/htdocs/core/model/phpthumb/modphpthumb.class.php : 121) phpThumb was unable to generate a thumbnail for: /opt/lampp/htdocs/core/cache/phpthumb/localhost__src021c02adef9cb6f8a8269d4a0dc1ca78_par0ba78bb0326502335f8683fdf331013a_dat0.jpeg
[2016-11-25 06:19:43] (ERROR @ /opt/lampp/htdocs/core/model/phpthumb/modphpthumb.class.php : 133) Error outputting thumbnail:
OutputThumbnail() failed because !is_resource($this->gdimg_output) in file "phpthumb.class.php" on line 618
[2016-11-25 06:20:53] (ERROR @ /opt/lampp/htdocs/core/model/phpthumb/phpthumb.class.php : 1686) PHP warning: getimagesize(/opt/lampp/htdocs/ &lt;img src=): failed to open stream: Нет такого файла или каталога
[2016-11-25 06:20:53] (ERROR @ /opt/lampp/htdocs/core/model/phpthumb/modphpthumb.class.php : 121) phpThumb was unable to generate a thumbnail for: /opt/lampp/htdocs/core/cache/phpthumb/localhost__src021c02adef9cb6f8a8269d4a0dc1ca78_par0ba78bb0326502335f8683fdf331013a_dat0.jpeg
[2016-11-25 06:20:53] (ERROR @ /opt/lampp/htdocs/core/model/phpthumb/modphpthumb.class.php : 133) Error outputting thumbnail:
OutputThumbnail() failed because !is_resource($this->gdimg_output) in file "phpthumb.class.php" on line 618
[2016-11-25 06:23:53] (ERROR @ /opt/lampp/htdocs/core/model/phpthumb/phpthumb.class.php : 1686) PHP warning: getimagesize(/opt/lampp/htdocs/ &lt;img src=): failed to open stream: Нет такого файла или каталога
[2016-11-25 06:23:53] (ERROR @ /opt/lampp/htdocs/core/model/phpthumb/modphpthumb.class.php : 121) phpThumb was unable to generate a thumbnail for: /opt/lampp/htdocs/core/cache/phpthumb/localhost__src021c02adef9cb6f8a8269d4a0dc1ca78_par0ba78bb0326502335f8683fdf331013a_dat0.jpeg
[2016-11-25 06:23:53] (ERROR @ /opt/lampp/htdocs/core/model/phpthumb/modphpthumb.class.php : 133) Error outputting thumbnail:
OutputThumbnail() failed because !is_resource($this->gdimg_output) in file "phpthumb.class.php" on line 618
[2016-11-25 06:23:53] (ERROR @ /opt/lampp/htdocs/core/model/phpthumb/phpthumb.class.php : 1686) PHP warning: getimagesize(/opt/lampp/htdocs/&lt;img src=): failed to open stream: Нет такого файла или каталога
[2016-11-25 06:23:53] (ERROR @ /opt/lampp/htdocs/core/model/phpthumb/modphpthumb.class.php : 121) phpThumb was unable to generate a thumbnail for: /opt/lampp/htdocs/core/cache/phpthumb/localhost__src74c1e3b8dfd388411b0840b3c9104799_par0ba78bb0326502335f8683fdf331013a_dat0.jpeg
[2016-11-25 06:23:53] (ERROR @ /opt/lampp/htdocs/core/model/phpthumb/modphpthumb.class.php : 133) Error outputting thumbnail:
OutputThumbnail() failed because !is_resource($this->gdimg_output) in file "phpthumb.class.php" on line 618
[2016-11-25 06:23:53] (ERROR @ /opt/lampp/htdocs/core/model/phpthumb/phpthumb.class.php : 1686) PHP warning: getimagesize(/opt/lampp/htdocs/ &lt;img src=): failed to open stream: Нет такого файла или каталога
[2016-11-25 06:23:53] (ERROR @ /opt/lampp/htdocs/core/model/phpthumb/modphpthumb.class.php : 121) phpThumb was unable to generate a thumbnail for: /opt/lampp/htdocs/core/cache/phpthumb/localhost__src021c02adef9cb6f8a8269d4a0dc1ca78_par0ba78bb0326502335f8683fdf331013a_dat0.jpeg
[2016-11-25 06:23:53] (ERROR @ /opt/lampp/htdocs/core/model/phpthumb/modphpthumb.class.php : 133) Error outputting thumbnail:
OutputThumbnail() failed because !is_resource($this->gdimg_output) in file "phpthumb.class.php" on line 618
[2016-11-25 06:26:26] (ERROR @ /opt/lampp/htdocs/core/model/phpthumb/phpthumb.class.php : 1686) PHP warning: getimagesize(/opt/lampp/htdocs/ &lt;img src=&quot;maket/londium/img/londium.png&quot;alt=&quot;/&quot;&gt;): failed to open stream: Нет такого файла или каталога
[2016-11-25 06:26:26] (ERROR @ /opt/lampp/htdocs/core/model/phpthumb/modphpthumb.class.php : 121) phpThumb was unable to generate a thumbnail for: /opt/lampp/htdocs/core/cache/phpthumb/localhost__src3817c82ac25a76c6af415fffaf9e4c9a_par0ba78bb0326502335f8683fdf331013a_dat0.jpeg
[2016-11-25 06:26:26] (ERROR @ /opt/lampp/htdocs/core/model/phpthumb/modphpthumb.class.php : 133) Error outputting thumbnail:
OutputThumbnail() failed because !is_resource($this->gdimg_output) in file "phpthumb.class.php" on line 618
[2016-11-25 06:26:26] (ERROR @ /opt/lampp/htdocs/core/model/phpthumb/phpthumb.class.php : 1686) PHP warning: getimagesize(/opt/lampp/htdocs/ &lt;img src=&quot;maket/londium/img/londium.png&quot;alt=&quot;/&quot;&gt;): failed to open stream: Нет такого файла или каталога
[2016-11-25 06:26:26] (ERROR @ /opt/lampp/htdocs/core/model/phpthumb/modphpthumb.class.php : 121) phpThumb was unable to generate a thumbnail for: /opt/lampp/htdocs/core/cache/phpthumb/localhost__src3817c82ac25a76c6af415fffaf9e4c9a_par0ba78bb0326502335f8683fdf331013a_dat0.jpeg
[2016-11-25 06:26:26] (ERROR @ /opt/lampp/htdocs/core/model/phpthumb/modphpthumb.class.php : 133) Error outputting thumbnail:
OutputThumbnail() failed because !is_resource($this->gdimg_output) in file "phpthumb.class.php" on line 618
[2016-11-25 06:26:41] (ERROR @ /opt/lampp/htdocs/core/model/phpthumb/phpthumb.class.php : 1686) PHP warning: getimagesize(/opt/lampp/htdocs/&lt;img src=): failed to open stream: Нет такого файла или каталога
[2016-11-25 06:26:41] (ERROR @ /opt/lampp/htdocs/core/model/phpthumb/modphpthumb.class.php : 121) phpThumb was unable to generate a thumbnail for: /opt/lampp/htdocs/core/cache/phpthumb/localhost__src74c1e3b8dfd388411b0840b3c9104799_par0ba78bb0326502335f8683fdf331013a_dat0.jpeg
[2016-11-25 06:26:41] (ERROR @ /opt/lampp/htdocs/core/model/phpthumb/modphpthumb.class.php : 133) Error outputting thumbnail:
OutputThumbnail() failed because !is_resource($this->gdimg_output) in file "phpthumb.class.php" on line 618
[2016-11-25 06:28:34] (ERROR @ /opt/lampp/htdocs/core/model/phpthumb/phpthumb.class.php : 1686) PHP warning: getimagesize(/opt/lampp/htdocs/ &lt;img src=&quot;maket/londium/img/londium.png&quot;alt=&quot;/&quot;&gt;): failed to open stream: Нет такого файла или каталога
[2016-11-25 06:28:34] (ERROR @ /opt/lampp/htdocs/core/model/phpthumb/modphpthumb.class.php : 121) phpThumb was unable to generate a thumbnail for: /opt/lampp/htdocs/core/cache/phpthumb/localhost__src3817c82ac25a76c6af415fffaf9e4c9a_par0ba78bb0326502335f8683fdf331013a_dat0.jpeg
[2016-11-25 06:28:34] (ERROR @ /opt/lampp/htdocs/core/model/phpthumb/modphpthumb.class.php : 133) Error outputting thumbnail:
OutputThumbnail() failed because !is_resource($this->gdimg_output) in file "phpthumb.class.php" on line 618
[2016-11-25 06:28:35] (ERROR @ /opt/lampp/htdocs/core/model/phpthumb/phpthumb.class.php : 1686) PHP warning: getimagesize(/opt/lampp/htdocs/ &lt;img src=&quot;maket/londium/img/londium.png&quot;alt=&quot;/&quot;&gt;): failed to open stream: Нет такого файла или каталога
[2016-11-25 06:28:35] (ERROR @ /opt/lampp/htdocs/core/model/phpthumb/modphpthumb.class.php : 121) phpThumb was unable to generate a thumbnail for: /opt/lampp/htdocs/core/cache/phpthumb/localhost__src3817c82ac25a76c6af415fffaf9e4c9a_par0ba78bb0326502335f8683fdf331013a_dat0.jpeg
[2016-11-25 06:28:35] (ERROR @ /opt/lampp/htdocs/core/model/phpthumb/modphpthumb.class.php : 133) Error outputting thumbnail:
OutputThumbnail() failed because !is_resource($this->gdimg_output) in file "phpthumb.class.php" on line 618
[2016-11-25 06:31:09] (ERROR @ /opt/lampp/htdocs/core/model/phpthumb/phpthumb.class.php : 1686) PHP warning: getimagesize(/opt/lampp/htdocs/&lt;img src=): failed to open stream: Нет такого файла или каталога
[2016-11-25 06:31:09] (ERROR @ /opt/lampp/htdocs/core/model/phpthumb/modphpthumb.class.php : 121) phpThumb was unable to generate a thumbnail for: /opt/lampp/htdocs/core/cache/phpthumb/localhost__src74c1e3b8dfd388411b0840b3c9104799_par0ba78bb0326502335f8683fdf331013a_dat0.jpeg
[2016-11-25 06:31:09] (ERROR @ /opt/lampp/htdocs/core/model/phpthumb/modphpthumb.class.php : 133) Error outputting thumbnail:
OutputThumbnail() failed because !is_resource($this->gdimg_output) in file "phpthumb.class.php" on line 618
[2016-11-25 06:31:45] (ERROR @ /opt/lampp/htdocs/core/model/phpthumb/phpthumb.class.php : 1686) PHP warning: getimagesize(/opt/lampp/htdocs/&lt;img src=): failed to open stream: Нет такого файла или каталога
[2016-11-25 06:31:45] (ERROR @ /opt/lampp/htdocs/core/model/phpthumb/modphpthumb.class.php : 121) phpThumb was unable to generate a thumbnail for: /opt/lampp/htdocs/core/cache/phpthumb/localhost__src74c1e3b8dfd388411b0840b3c9104799_par0ba78bb0326502335f8683fdf331013a_dat0.jpeg
[2016-11-25 06:31:45] (ERROR @ /opt/lampp/htdocs/core/model/phpthumb/modphpthumb.class.php : 133) Error outputting thumbnail:
OutputThumbnail() failed because !is_resource($this->gdimg_output) in file "phpthumb.class.php" on line 618
[2016-11-25 06:31:46] (ERROR @ /opt/lampp/htdocs/core/model/phpthumb/phpthumb.class.php : 1686) PHP warning: getimagesize(/opt/lampp/htdocs/&lt;img src=): failed to open stream: Нет такого файла или каталога
[2016-11-25 06:31:46] (ERROR @ /opt/lampp/htdocs/core/model/phpthumb/modphpthumb.class.php : 121) phpThumb was unable to generate a thumbnail for: /opt/lampp/htdocs/core/cache/phpthumb/localhost__src74c1e3b8dfd388411b0840b3c9104799_par0ba78bb0326502335f8683fdf331013a_dat0.jpeg
[2016-11-25 06:31:46] (ERROR @ /opt/lampp/htdocs/core/model/phpthumb/modphpthumb.class.php : 133) Error outputting thumbnail:
OutputThumbnail() failed because !is_resource($this->gdimg_output) in file "phpthumb.class.php" on line 618
[2016-11-25 06:32:11] (ERROR @ /opt/lampp/htdocs/core/model/phpthumb/phpthumb.class.php : 1686) PHP warning: getimagesize(/opt/lampp/htdocs/&lt;img src=): failed to open stream: Нет такого файла или каталога
[2016-11-25 06:32:11] (ERROR @ /opt/lampp/htdocs/core/model/phpthumb/modphpthumb.class.php : 121) phpThumb was unable to generate a thumbnail for: /opt/lampp/htdocs/core/cache/phpthumb/localhost__src74c1e3b8dfd388411b0840b3c9104799_par0ba78bb0326502335f8683fdf331013a_dat0.jpeg
[2016-11-25 06:32:11] (ERROR @ /opt/lampp/htdocs/core/model/phpthumb/modphpthumb.class.php : 133) Error outputting thumbnail:
OutputThumbnail() failed because !is_resource($this->gdimg_output) in file "phpthumb.class.php" on line 618
[2016-11-25 06:32:12] (ERROR @ /opt/lampp/htdocs/core/model/phpthumb/phpthumb.class.php : 1686) PHP warning: getimagesize(/opt/lampp/htdocs/&lt;img src=): failed to open stream: Нет такого файла или каталога
[2016-11-25 06:32:12] (ERROR @ /opt/lampp/htdocs/core/model/phpthumb/modphpthumb.class.php : 121) phpThumb was unable to generate a thumbnail for: /opt/lampp/htdocs/core/cache/phpthumb/localhost__src74c1e3b8dfd388411b0840b3c9104799_par0ba78bb0326502335f8683fdf331013a_dat0.jpeg
[2016-11-25 06:32:12] (ERROR @ /opt/lampp/htdocs/core/model/phpthumb/modphpthumb.class.php : 133) Error outputting thumbnail:
OutputThumbnail() failed because !is_resource($this->gdimg_output) in file "phpthumb.class.php" on line 618
[2016-11-25 06:32:47] (ERROR @ /opt/lampp/htdocs/core/model/phpthumb/phpthumb.class.php : 1686) PHP warning: getimagesize(/opt/lampp/htdocs/&lt;img src=): failed to open stream: Нет такого файла или каталога
[2016-11-25 06:32:47] (ERROR @ /opt/lampp/htdocs/core/model/phpthumb/modphpthumb.class.php : 121) phpThumb was unable to generate a thumbnail for: /opt/lampp/htdocs/core/cache/phpthumb/localhost__src74c1e3b8dfd388411b0840b3c9104799_par0ba78bb0326502335f8683fdf331013a_dat0.jpeg
[2016-11-25 06:32:47] (ERROR @ /opt/lampp/htdocs/core/model/phpthumb/modphpthumb.class.php : 133) Error outputting thumbnail:
OutputThumbnail() failed because !is_resource($this->gdimg_output) in file "phpthumb.class.php" on line 618
[2016-11-25 06:32:47] (ERROR @ /opt/lampp/htdocs/core/model/phpthumb/phpthumb.class.php : 1686) PHP warning: getimagesize(/opt/lampp/htdocs/&lt;img src=): failed to open stream: Нет такого файла или каталога
[2016-11-25 06:32:47] (ERROR @ /opt/lampp/htdocs/core/model/phpthumb/modphpthumb.class.php : 121) phpThumb was unable to generate a thumbnail for: /opt/lampp/htdocs/core/cache/phpthumb/localhost__src74c1e3b8dfd388411b0840b3c9104799_par0ba78bb0326502335f8683fdf331013a_dat0.jpeg
[2016-11-25 06:32:47] (ERROR @ /opt/lampp/htdocs/core/model/phpthumb/modphpthumb.class.php : 133) Error outputting thumbnail:
OutputThumbnail() failed because !is_resource($this->gdimg_output) in file "phpthumb.class.php" on line 618
[2016-11-25 06:37:10] (ERROR @ /opt/lampp/htdocs/core/model/phpthumb/phpthumb.class.php : 1686) PHP warning: getimagesize(/opt/lampp/htdocs/&lt;img src=): failed to open stream: Нет такого файла или каталога
[2016-11-25 06:37:10] (ERROR @ /opt/lampp/htdocs/core/model/phpthumb/modphpthumb.class.php : 121) phpThumb was unable to generate a thumbnail for: /opt/lampp/htdocs/core/cache/phpthumb/localhost__src74c1e3b8dfd388411b0840b3c9104799_par0ba78bb0326502335f8683fdf331013a_dat0.jpeg
[2016-11-25 06:37:10] (ERROR @ /opt/lampp/htdocs/core/model/phpthumb/modphpthumb.class.php : 133) Error outputting thumbnail:
OutputThumbnail() failed because !is_resource($this->gdimg_output) in file "phpthumb.class.php" on line 618
[2016-11-25 06:37:10] (ERROR @ /opt/lampp/htdocs/core/model/phpthumb/phpthumb.class.php : 1686) PHP warning: getimagesize(/opt/lampp/htdocs/&lt;img src=): failed to open stream: Нет такого файла или каталога
[2016-11-25 06:37:10] (ERROR @ /opt/lampp/htdocs/core/model/phpthumb/modphpthumb.class.php : 121) phpThumb was unable to generate a thumbnail for: /opt/lampp/htdocs/core/cache/phpthumb/localhost__src74c1e3b8dfd388411b0840b3c9104799_par0ba78bb0326502335f8683fdf331013a_dat0.jpeg
[2016-11-25 06:37:10] (ERROR @ /opt/lampp/htdocs/core/model/phpthumb/modphpthumb.class.php : 133) Error outputting thumbnail:
OutputThumbnail() failed because !is_resource($this->gdimg_output) in file "phpthumb.class.php" on line 618
[2016-11-25 06:38:37] (ERROR @ /opt/lampp/htdocs/core/model/phpthumb/phpthumb.class.php : 1686) PHP warning: getimagesize(/opt/lampp/htdocs/&lt;img src=): failed to open stream: Нет такого файла или каталога
[2016-11-25 06:38:38] (ERROR @ /opt/lampp/htdocs/core/model/phpthumb/modphpthumb.class.php : 121) phpThumb was unable to generate a thumbnail for: /opt/lampp/htdocs/core/cache/phpthumb/localhost__src74c1e3b8dfd388411b0840b3c9104799_par0ba78bb0326502335f8683fdf331013a_dat0.jpeg
[2016-11-25 06:38:38] (ERROR @ /opt/lampp/htdocs/core/model/phpthumb/modphpthumb.class.php : 133) Error outputting thumbnail:
OutputThumbnail() failed because !is_resource($this->gdimg_output) in file "phpthumb.class.php" on line 618
[2016-11-25 06:38:38] (ERROR @ /opt/lampp/htdocs/core/model/phpthumb/phpthumb.class.php : 1686) PHP warning: getimagesize(/opt/lampp/htdocs/&lt;img src=): failed to open stream: Нет такого файла или каталога
[2016-11-25 06:38:38] (ERROR @ /opt/lampp/htdocs/core/model/phpthumb/modphpthumb.class.php : 121) phpThumb was unable to generate a thumbnail for: /opt/lampp/htdocs/core/cache/phpthumb/localhost__src74c1e3b8dfd388411b0840b3c9104799_par0ba78bb0326502335f8683fdf331013a_dat0.jpeg
[2016-11-25 06:38:38] (ERROR @ /opt/lampp/htdocs/core/model/phpthumb/modphpthumb.class.php : 133) Error outputting thumbnail:
OutputThumbnail() failed because !is_resource($this->gdimg_output) in file "phpthumb.class.php" on line 618
[2016-11-25 06:42:10] (ERROR @ /opt/lampp/htdocs/core/model/phpthumb/phpthumb.class.php : 1686) PHP warning: getimagesize(/opt/lampp/htdocs/&lt;img src=): failed to open stream: Нет такого файла или каталога
[2016-11-25 06:42:10] (ERROR @ /opt/lampp/htdocs/core/model/phpthumb/modphpthumb.class.php : 121) phpThumb was unable to generate a thumbnail for: /opt/lampp/htdocs/core/cache/phpthumb/localhost__src74c1e3b8dfd388411b0840b3c9104799_par0ba78bb0326502335f8683fdf331013a_dat0.jpeg
[2016-11-25 06:42:10] (ERROR @ /opt/lampp/htdocs/core/model/phpthumb/modphpthumb.class.php : 133) Error outputting thumbnail:
OutputThumbnail() failed because !is_resource($this->gdimg_output) in file "phpthumb.class.php" on line 618
[2016-11-25 06:53:08] (ERROR @ /opt/lampp/htdocs/core/model/phpthumb/phpthumb.class.php : 1686) PHP warning: getimagesize(/opt/lampp/htdocs/&lt;img src=): failed to open stream: Нет такого файла или каталога
[2016-11-25 06:53:08] (ERROR @ /opt/lampp/htdocs/core/model/phpthumb/modphpthumb.class.php : 121) phpThumb was unable to generate a thumbnail for: /opt/lampp/htdocs/core/cache/phpthumb/localhost__src74c1e3b8dfd388411b0840b3c9104799_par0ba78bb0326502335f8683fdf331013a_dat0.jpeg
[2016-11-25 06:53:08] (ERROR @ /opt/lampp/htdocs/core/model/phpthumb/modphpthumb.class.php : 133) Error outputting thumbnail:
OutputThumbnail() failed because !is_resource($this->gdimg_output) in file "phpthumb.class.php" on line 618
[2016-11-25 06:53:08] (ERROR @ /opt/lampp/htdocs/core/model/phpthumb/phpthumb.class.php : 1686) PHP warning: getimagesize(/opt/lampp/htdocs/&lt;img src=): failed to open stream: Нет такого файла или каталога
[2016-11-25 06:53:08] (ERROR @ /opt/lampp/htdocs/core/model/phpthumb/modphpthumb.class.php : 121) phpThumb was unable to generate a thumbnail for: /opt/lampp/htdocs/core/cache/phpthumb/localhost__src74c1e3b8dfd388411b0840b3c9104799_par0ba78bb0326502335f8683fdf331013a_dat0.jpeg
[2016-11-25 06:53:08] (ERROR @ /opt/lampp/htdocs/core/model/phpthumb/modphpthumb.class.php : 133) Error outputting thumbnail:
OutputThumbnail() failed because !is_resource($this->gdimg_output) in file "phpthumb.class.php" on line 618
[2016-11-25 06:54:55] (ERROR @ /opt/lampp/htdocs/core/model/phpthumb/phpthumb.class.php : 1686) PHP warning: getimagesize(/opt/lampp/htdocs/&lt;img src=&quot;maket/londium/img/maps/gallery-2.png&quot; style=&quot;width: 55%; height: 50%;&quot; id=&quot;invis-2&quot; alt=&quot;&quot;&gt;): failed to open stream: Нет такого файла или каталога
[2016-11-25 06:54:55] (ERROR @ /opt/lampp/htdocs/core/model/phpthumb/phpthumb.class.php : 1686) PHP warning: getimagesize(/opt/lampp/htdocs/&lt;img src=&quot;maket/londium/img/maps/gallery-1.png&quot; style=&quot;width: 55%; height: 50%; display: none;&quot; id=&quot;invis&quot; alt=&quot;&quot;&gt;): failed to open stream: Нет такого файла или каталога
[2016-11-25 06:54:55] (ERROR @ /opt/lampp/htdocs/core/model/phpthumb/phpthumb.class.php : 1686) PHP warning: getimagesize(/opt/lampp/htdocs/&lt;img src=&quot;maket/londium/img/maps/gallery-2.png&quot; style=&quot;width: 70%; display: none;&quot; id=&quot;invis-1&quot; alt=&quot;&quot;&gt;): failed to open stream: Нет такого файла или каталога
[2016-11-25 06:54:55] (ERROR @ /opt/lampp/htdocs/core/model/phpthumb/phpthumb.class.php : 1686) PHP warning: getimagesize(/opt/lampp/htdocs/&lt;img src=&quot;maket/londium/img/maps/gallery-1.png&quot; style=&quot;width: 70%;&quot; id=&quot;invis-3&quot; alt=&quot;&quot;&gt;): failed to open stream: Нет такого файла или каталога
[2016-11-25 06:54:56] (ERROR @ /opt/lampp/htdocs/core/model/phpthumb/modphpthumb.class.php : 121) phpThumb was unable to generate a thumbnail for: /opt/lampp/htdocs/core/cache/phpthumb/localhost__srce678c8d1bca852dfe2be3ca788694b36_par0ba78bb0326502335f8683fdf331013a_dat0.jpeg
[2016-11-25 06:54:56] (ERROR @ /opt/lampp/htdocs/core/model/phpthumb/modphpthumb.class.php : 133) Error outputting thumbnail:
OutputThumbnail() failed because !is_resource($this->gdimg_output) in file "phpthumb.class.php" on line 618
[2016-11-25 06:54:56] (ERROR @ /opt/lampp/htdocs/core/model/phpthumb/modphpthumb.class.php : 121) phpThumb was unable to generate a thumbnail for: /opt/lampp/htdocs/core/cache/phpthumb/localhost__src4115ccde59481a42c194a8e2e9af064b_par0ba78bb0326502335f8683fdf331013a_dat0.jpeg
[2016-11-25 06:54:56] (ERROR @ /opt/lampp/htdocs/core/model/phpthumb/modphpthumb.class.php : 133) Error outputting thumbnail:
OutputThumbnail() failed because !is_resource($this->gdimg_output) in file "phpthumb.class.php" on line 618
[2016-11-25 06:54:56] (ERROR @ /opt/lampp/htdocs/core/model/phpthumb/modphpthumb.class.php : 121) phpThumb was unable to generate a thumbnail for: /opt/lampp/htdocs/core/cache/phpthumb/localhost__srcf9e99c57dbd3bb7bc105fd78c471a856_par0ba78bb0326502335f8683fdf331013a_dat0.jpeg
[2016-11-25 06:54:56] (ERROR @ /opt/lampp/htdocs/core/model/phpthumb/modphpthumb.class.php : 133) Error outputting thumbnail:
OutputThumbnail() failed because !is_resource($this->gdimg_output) in file "phpthumb.class.php" on line 618
[2016-11-25 06:54:56] (ERROR @ /opt/lampp/htdocs/core/model/phpthumb/modphpthumb.class.php : 121) phpThumb was unable to generate a thumbnail for: /opt/lampp/htdocs/core/cache/phpthumb/localhost__srccd8cad45d04ed548b24f6433a1baf0d5_par0ba78bb0326502335f8683fdf331013a_dat0.jpeg
[2016-11-25 06:54:56] (ERROR @ /opt/lampp/htdocs/core/model/phpthumb/modphpthumb.class.php : 133) Error outputting thumbnail:
OutputThumbnail() failed because !is_resource($this->gdimg_output) in file "phpthumb.class.php" on line 618
[2016-11-25 06:55:16] (ERROR @ /opt/lampp/htdocs/core/model/phpthumb/phpthumb.class.php : 1686) PHP warning: getimagesize(/opt/lampp/htdocs/&lt;img src=&quot;maket/londium/img/maps/gallery-1.png&quot; style=&quot;width: 55%; height: 50%; display: none;&quot; id=&quot;invis&quot; alt=&quot;&quot;&gt;): failed to open stream: Нет такого файла или каталога
[2016-11-25 06:55:16] (ERROR @ /opt/lampp/htdocs/core/model/phpthumb/modphpthumb.class.php : 121) phpThumb was unable to generate a thumbnail for: /opt/lampp/htdocs/core/cache/phpthumb/localhost__srce678c8d1bca852dfe2be3ca788694b36_par0ba78bb0326502335f8683fdf331013a_dat0.jpeg
[2016-11-25 06:55:16] (ERROR @ /opt/lampp/htdocs/core/model/phpthumb/modphpthumb.class.php : 133) Error outputting thumbnail:
OutputThumbnail() failed because !is_resource($this->gdimg_output) in file "phpthumb.class.php" on line 618
[2016-11-25 06:55:17] (ERROR @ /opt/lampp/htdocs/core/model/phpthumb/phpthumb.class.php : 1686) PHP warning: getimagesize(/opt/lampp/htdocs/&lt;img src=&quot;maket/londium/img/maps/gallery-2.png&quot; style=&quot;width: 55%; height: 50%;&quot; id=&quot;invis-2&quot; alt=&quot;&quot;&gt;): failed to open stream: Нет такого файла или каталога
[2016-11-25 06:55:17] (ERROR @ /opt/lampp/htdocs/core/model/phpthumb/modphpthumb.class.php : 121) phpThumb was unable to generate a thumbnail for: /opt/lampp/htdocs/core/cache/phpthumb/localhost__src4115ccde59481a42c194a8e2e9af064b_par0ba78bb0326502335f8683fdf331013a_dat0.jpeg
[2016-11-25 06:55:17] (ERROR @ /opt/lampp/htdocs/core/model/phpthumb/modphpthumb.class.php : 133) Error outputting thumbnail:
OutputThumbnail() failed because !is_resource($this->gdimg_output) in file "phpthumb.class.php" on line 618
[2016-11-25 06:55:17] (ERROR @ /opt/lampp/htdocs/core/model/phpthumb/phpthumb.class.php : 1686) PHP warning: getimagesize(/opt/lampp/htdocs/&lt;img src=&quot;maket/londium/img/maps/gallery-2.png&quot; style=&quot;width: 70%; display: none;&quot; id=&quot;invis-1&quot; alt=&quot;&quot;&gt;): failed to open stream: Нет такого файла или каталога
[2016-11-25 06:55:17] (ERROR @ /opt/lampp/htdocs/core/model/phpthumb/modphpthumb.class.php : 121) phpThumb was unable to generate a thumbnail for: /opt/lampp/htdocs/core/cache/phpthumb/localhost__srcf9e99c57dbd3bb7bc105fd78c471a856_par0ba78bb0326502335f8683fdf331013a_dat0.jpeg
[2016-11-25 06:55:17] (ERROR @ /opt/lampp/htdocs/core/model/phpthumb/modphpthumb.class.php : 133) Error outputting thumbnail:
OutputThumbnail() failed because !is_resource($this->gdimg_output) in file "phpthumb.class.php" on line 618
[2016-11-25 06:55:17] (ERROR @ /opt/lampp/htdocs/core/model/phpthumb/phpthumb.class.php : 1686) PHP warning: getimagesize(/opt/lampp/htdocs/&lt;img src=&quot;maket/londium/img/maps/gallery-1.png&quot; style=&quot;width: 55%; height: 50%; display: none;&quot; id=&quot;invis&quot; alt=&quot;&quot;&gt;): failed to open stream: Нет такого файла или каталога
[2016-11-25 06:55:17] (ERROR @ /opt/lampp/htdocs/core/model/phpthumb/phpthumb.class.php : 1686) PHP warning: getimagesize(/opt/lampp/htdocs/&lt;img src=&quot;maket/londium/img/maps/gallery-1.png&quot; style=&quot;width: 70%;&quot; id=&quot;invis-3&quot; alt=&quot;&quot;&gt;): failed to open stream: Нет такого файла или каталога
[2016-11-25 06:55:17] (ERROR @ /opt/lampp/htdocs/core/model/phpthumb/modphpthumb.class.php : 121) phpThumb was unable to generate a thumbnail for: /opt/lampp/htdocs/core/cache/phpthumb/localhost__srce678c8d1bca852dfe2be3ca788694b36_par0ba78bb0326502335f8683fdf331013a_dat0.jpeg
[2016-11-25 06:55:17] (ERROR @ /opt/lampp/htdocs/core/model/phpthumb/modphpthumb.class.php : 133) Error outputting thumbnail:
OutputThumbnail() failed because !is_resource($this->gdimg_output) in file "phpthumb.class.php" on line 618
[2016-11-25 06:55:17] (ERROR @ /opt/lampp/htdocs/core/model/phpthumb/modphpthumb.class.php : 121) phpThumb was unable to generate a thumbnail for: /opt/lampp/htdocs/core/cache/phpthumb/localhost__srccd8cad45d04ed548b24f6433a1baf0d5_par0ba78bb0326502335f8683fdf331013a_dat0.jpeg
[2016-11-25 06:55:17] (ERROR @ /opt/lampp/htdocs/core/model/phpthumb/modphpthumb.class.php : 133) Error outputting thumbnail:
OutputThumbnail() failed because !is_resource($this->gdimg_output) in file "phpthumb.class.php" on line 618
[2016-11-25 06:55:17] (ERROR @ /opt/lampp/htdocs/core/model/phpthumb/phpthumb.class.php : 1686) PHP warning: getimagesize(/opt/lampp/htdocs/&lt;img src=&quot;maket/londium/img/maps/gallery-2.png&quot; style=&quot;width: 70%; display: none;&quot; id=&quot;invis-1&quot; alt=&quot;&quot;&gt;): failed to open stream: Нет такого файла или каталога
[2016-11-25 06:55:17] (ERROR @ /opt/lampp/htdocs/core/model/phpthumb/modphpthumb.class.php : 121) phpThumb was unable to generate a thumbnail for: /opt/lampp/htdocs/core/cache/phpthumb/localhost__srcf9e99c57dbd3bb7bc105fd78c471a856_par0ba78bb0326502335f8683fdf331013a_dat0.jpeg
[2016-11-25 06:55:17] (ERROR @ /opt/lampp/htdocs/core/model/phpthumb/modphpthumb.class.php : 133) Error outputting thumbnail:
OutputThumbnail() failed because !is_resource($this->gdimg_output) in file "phpthumb.class.php" on line 618
[2016-11-25 06:55:17] (ERROR @ /opt/lampp/htdocs/core/model/phpthumb/phpthumb.class.php : 1686) PHP warning: getimagesize(/opt/lampp/htdocs/&lt;img src=&quot;maket/londium/img/maps/gallery-2.png&quot; style=&quot;width: 55%; height: 50%;&quot; id=&quot;invis-2&quot; alt=&quot;&quot;&gt;): failed to open stream: Нет такого файла или каталога
[2016-11-25 06:55:17] (ERROR @ /opt/lampp/htdocs/core/model/phpthumb/modphpthumb.class.php : 121) phpThumb was unable to generate a thumbnail for: /opt/lampp/htdocs/core/cache/phpthumb/localhost__src4115ccde59481a42c194a8e2e9af064b_par0ba78bb0326502335f8683fdf331013a_dat0.jpeg
[2016-11-25 06:55:17] (ERROR @ /opt/lampp/htdocs/core/model/phpthumb/modphpthumb.class.php : 133) Error outputting thumbnail:
OutputThumbnail() failed because !is_resource($this->gdimg_output) in file "phpthumb.class.php" on line 618
[2016-11-25 09:41:10] (ERROR @ /opt/lampp/htdocs/core/model/phpthumb/phpthumb.class.php : 1686) PHP warning: getimagesize(/opt/lampp/htdocs/&lt;img src=): failed to open stream: Нет такого файла или каталога
[2016-11-25 09:41:10] (ERROR @ /opt/lampp/htdocs/core/model/phpthumb/modphpthumb.class.php : 121) phpThumb was unable to generate a thumbnail for: /opt/lampp/htdocs/core/cache/phpthumb/localhost__src74c1e3b8dfd388411b0840b3c9104799_par0ba78bb0326502335f8683fdf331013a_dat0.jpeg
[2016-11-25 09:41:10] (ERROR @ /opt/lampp/htdocs/core/model/phpthumb/modphpthumb.class.php : 133) Error outputting thumbnail:
OutputThumbnail() failed because !is_resource($this->gdimg_output) in file "phpthumb.class.php" on line 618
[2016-11-28 06:20:42] (ERROR @ /opt/lampp/htdocs/core/model/phpthumb/phpthumb.class.php : 1686) PHP warning: getimagesize(/opt/lampp/htdocs/&lt;a href=): failed to open stream: Нет такого файла или каталога
[2016-11-28 06:20:42] (ERROR @ /opt/lampp/htdocs/core/model/phpthumb/modphpthumb.class.php : 121) phpThumb was unable to generate a thumbnail for: /opt/lampp/htdocs/core/cache/phpthumb/localhost__src48b472b786057f801dc6b7b42d8c52e5_par0ba78bb0326502335f8683fdf331013a_dat0.jpeg
[2016-11-28 06:20:42] (ERROR @ /opt/lampp/htdocs/core/model/phpthumb/modphpthumb.class.php : 133) Error outputting thumbnail:
OutputThumbnail() failed because !is_resource($this->gdimg_output) in file "phpthumb.class.php" on line 618
[2016-11-28 06:28:35] (ERROR @ /opt/lampp/htdocs/core/model/phpthumb/phpthumb.class.php : 1686) PHP warning: getimagesize(/opt/lampp/htdocs/&lt;a href=&quot;maket/londium/img/shop/model1.png&quot; data-lightbox=&quot;image-1&quot; data-title=&quot;My caption&quot;&gt;&lt;img src=&quot;maket/londium/img/men.png&quot; class=&quot;img-1&quot; alt=&quot;&quot;&gt;&lt;/a&gt;&lt;div class=&quot;title-1&quot;&gt;&lt;p&gt;Пиджак &lt;br&gt; ): failed to open stream: Нет такого файла или каталога
[2016-11-28 06:28:35] (ERROR @ /opt/lampp/htdocs/core/model/phpthumb/modphpthumb.class.php : 121) phpThumb was unable to generate a thumbnail for: /opt/lampp/htdocs/core/cache/phpthumb/localhost__src33eb700841507442d4fa5b7579063285_par0ba78bb0326502335f8683fdf331013a_dat0.jpeg
[2016-11-28 06:28:35] (ERROR @ /opt/lampp/htdocs/core/model/phpthumb/modphpthumb.class.php : 133) Error outputting thumbnail:
OutputThumbnail() failed because !is_resource($this->gdimg_output) in file "phpthumb.class.php" on line 618
[2016-11-28 06:53:55] (ERROR @ /opt/lampp/htdocs/core/model/phpthumb/phpthumb.class.php : 1686) PHP warning: getimagesize(/opt/lampp/htdocs/&lt;a href=&quot;maket/londium/img/shop/model1.png&quot; data-lightbox=&quot;image-1&quot; data-title=&quot;My caption&quot;&gt;&lt;img src=&quot;maket/londium/img/men.png&quot; class=&quot;img-1&quot; alt=&quot;&quot;&gt;&lt;/a&gt;&lt;div class=&quot;title-1&quot;&gt;&lt;p&gt;Пиджак &lt;br&gt; ): failed to open stream: Нет такого файла или каталога
[2016-11-28 06:53:55] (ERROR @ /opt/lampp/htdocs/core/model/phpthumb/modphpthumb.class.php : 121) phpThumb was unable to generate a thumbnail for: /opt/lampp/htdocs/core/cache/phpthumb/localhost__src33eb700841507442d4fa5b7579063285_par0ba78bb0326502335f8683fdf331013a_dat0.jpeg
[2016-11-28 06:53:55] (ERROR @ /opt/lampp/htdocs/core/model/phpthumb/modphpthumb.class.php : 133) Error outputting thumbnail:
OutputThumbnail() failed because !is_resource($this->gdimg_output) in file "phpthumb.class.php" on line 618
[2016-11-28 11:40:24] (ERROR @ /opt/lampp/htdocs/core/components/formit/model/formit/fihooks.class.php : 570) [FormIt] Произошла ошибка при попытке отправить почту. Ошибка соединения с SMTP-сервером https://github.com/PHPMailer/PHPMailer/wiki/Troubleshooting
[2016-11-28 11:41:17] (ERROR @ /opt/lampp/htdocs/core/components/formit/model/formit/fihooks.class.php : 570) [FormIt] Произошла ошибка при попытке отправить почту. Ошибка соединения с SMTP-сервером https://github.com/PHPMailer/PHPMailer/wiki/Troubleshooting
[2016-11-28 11:44:31] (ERROR @ /opt/lampp/htdocs/core/components/formit/model/formit/fihooks.class.php : 570) [FormIt] Произошла ошибка при попытке отправить почту. Ошибка соединения с SMTP-сервером https://github.com/PHPMailer/PHPMailer/wiki/Troubleshooting
[2016-11-28 11:47:17] (ERROR @ /opt/lampp/htdocs/core/components/formit/model/formit/fihooks.class.php : 570) [FormIt] Произошла ошибка при попытке отправить почту. Ошибка соединения с SMTP-сервером https://github.com/PHPMailer/PHPMailer/wiki/Troubleshooting
[2016-11-28 11:48:51] (ERROR @ /opt/lampp/htdocs/core/components/formit/model/formit/fihooks.class.php : 570) [FormIt] Произошла ошибка при попытке отправить почту. Ошибка соединения с SMTP-сервером https://github.com/PHPMailer/PHPMailer/wiki/Troubleshooting
[2016-11-28 11:49:23] (ERROR @ /opt/lampp/htdocs/core/components/formit/model/formit/fihooks.class.php : 570) [FormIt] Произошла ошибка при попытке отправить почту. Ошибка соединения с SMTP-сервером https://github.com/PHPMailer/PHPMailer/wiki/Troubleshooting
[2016-11-28 11:51:47] (ERROR @ /opt/lampp/htdocs/core/components/formit/model/formit/fihooks.class.php : 570) [FormIt] Произошла ошибка при попытке отправить почту. Ошибка соединения с SMTP-сервером https://github.com/PHPMailer/PHPMailer/wiki/Troubleshooting
[2016-11-28 11:52:03] (ERROR @ /opt/lampp/htdocs/core/components/formit/model/formit/fihooks.class.php : 570) [FormIt] Произошла ошибка при попытке отправить почту. Ошибка соединения с SMTP-сервером https://github.com/PHPMailer/PHPMailer/wiki/Troubleshooting
[2016-11-28 12:13:25] (ERROR @ /opt/lampp/htdocs/core/components/formit/model/formit/fihooks.class.php : 570) [FormIt] Произошла ошибка при попытке отправить почту. Ошибка соединения с SMTP-сервером https://github.com/PHPMailer/PHPMailer/wiki/Troubleshooting
[2016-11-28 12:14:53] (ERROR @ /opt/lampp/htdocs/core/components/formit/model/formit/fihooks.class.php : 570) [FormIt] Произошла ошибка при попытке отправить почту. Ошибка соединения с SMTP-сервером https://github.com/PHPMailer/PHPMailer/wiki/Troubleshooting
[2016-11-28 12:25:13] (ERROR @ /opt/lampp/htdocs/core/components/formit/model/formit/fihooks.class.php : 570) [FormIt] Произошла ошибка при попытке отправить почту. Ошибка соединения с SMTP-сервером https://github.com/PHPMailer/PHPMailer/wiki/Troubleshooting
[2016-11-28 12:28:44] (ERROR @ /opt/lampp/htdocs/core/components/formit/model/formit/fihooks.class.php : 570) [FormIt] Произошла ошибка при попытке отправить почту. Ошибка соединения с SMTP-сервером https://github.com/PHPMailer/PHPMailer/wiki/Troubleshooting
[2016-11-28 12:30:30] (ERROR @ /opt/lampp/htdocs/core/components/formit/model/formit/fihooks.class.php : 570) [FormIt] Произошла ошибка при попытке отправить почту. Ошибка соединения с SMTP-сервером https://github.com/PHPMailer/PHPMailer/wiki/Troubleshooting
[2016-11-28 12:31:12] (ERROR @ /opt/lampp/htdocs/core/components/formit/model/formit/fihooks.class.php : 570) [FormIt] Произошла ошибка при попытке отправить почту. Ошибка соединения с SMTP-сервером https://github.com/PHPMailer/PHPMailer/wiki/Troubleshooting
[2016-11-28 12:34:05] (ERROR @ /opt/lampp/htdocs/core/components/formit/model/formit/fihooks.class.php : 570) [FormIt] Произошла ошибка при попытке отправить почту. Ошибка соединения с SMTP-сервером https://github.com/PHPMailer/PHPMailer/wiki/Troubleshooting
[2016-11-28 12:37:12] (ERROR @ /opt/lampp/htdocs/core/model/modx/mail/modphpmailer.class.php : 152) modPHPMailer не поддерживает отмену отправки по некоторым адресам. Используйте метод reset() для очистки всех получателей и после этого добавьте нужных получателей снова.
[2016-11-28 12:37:12] (ERROR @ /opt/lampp/htdocs/core/cache/includes/elements/modsnippet/23.include.cache.php : 29) An error occurred while trying to send the email: 
[2016-11-28 12:43:32] (ERROR @ /opt/lampp/htdocs/core/model/modx/mail/modphpmailer.class.php : 152) modPHPMailer не поддерживает отмену отправки по некоторым адресам. Используйте метод reset() для очистки всех получателей и после этого добавьте нужных получателей снова.
[2016-11-28 12:43:32] (ERROR @ /opt/lampp/htdocs/core/cache/includes/elements/modsnippet/23.include.cache.php : 29) An error occurred while trying to send the email: 
[2016-11-28 12:43:36] (ERROR @ /opt/lampp/htdocs/core/model/modx/mail/modphpmailer.class.php : 152) modPHPMailer не поддерживает отмену отправки по некоторым адресам. Используйте метод reset() для очистки всех получателей и после этого добавьте нужных получателей снова.
[2016-11-28 12:43:36] (ERROR @ /opt/lampp/htdocs/core/cache/includes/elements/modsnippet/23.include.cache.php : 29) An error occurred while trying to send the email: 
[2016-11-28 12:43:38] (ERROR @ /opt/lampp/htdocs/core/model/modx/mail/modphpmailer.class.php : 152) modPHPMailer не поддерживает отмену отправки по некоторым адресам. Используйте метод reset() для очистки всех получателей и после этого добавьте нужных получателей снова.
[2016-11-28 12:43:38] (ERROR @ /opt/lampp/htdocs/core/cache/includes/elements/modsnippet/23.include.cache.php : 29) An error occurred while trying to send the email: 
[2016-11-28 12:44:10] (ERROR @ /opt/lampp/htdocs/core/model/modx/mail/modphpmailer.class.php : 152) modPHPMailer не поддерживает отмену отправки по некоторым адресам. Используйте метод reset() для очистки всех получателей и после этого добавьте нужных получателей снова.
[2016-11-28 12:44:10] (ERROR @ /opt/lampp/htdocs/core/cache/includes/elements/modsnippet/23.include.cache.php : 29) An error occurred while trying to send the email: 
[2016-11-28 12:44:47] (ERROR @ /opt/lampp/htdocs/core/components/formit/model/formit/fihooks.class.php : 570) [FormIt] Произошла ошибка при попытке отправить почту. Ошибка соединения с SMTP-сервером https://github.com/PHPMailer/PHPMailer/wiki/Troubleshooting
[2016-11-28 12:51:10] (ERROR in xPDOConnection::connect @ /opt/lampp/htdocs/core/xpdo/xpdo.class.php : 3097) SQLSTATE[HY000] [2002] Нет такого файла или каталога
[2016-11-28 12:51:10] (ERROR @ /opt/lampp/htdocs/core/xpdo/om/xpdoquery.class.php : 637) Could not construct or prepare query because it is invalid or could not connect: SELECT `modExtensionPackage`.`id`, `modExtensionPackage`.`namespace`, `modExtensionPackage`.`name`, `modExtensionPackage`.`path`, `modExtensionPackage`.`table_prefix`, `modExtensionPackage`.`service_class`, `modExtensionPackage`.`service_name`, `modExtensionPackage`.`created_at`, `modExtensionPackage`.`updated_at`, Namespace.path AS namespace_path FROM `modxx_extension_packages` AS `modExtensionPackage` JOIN `modxx_namespaces` `Namespace` ON `modExtensionPackage`.`namespace` =  `Namespace`.`name` ORDER BY namespace ASC 
[2016-11-28 12:51:10] (ERROR in xPDOConnection::connect @ /opt/lampp/htdocs/core/xpdo/xpdo.class.php : 3097) SQLSTATE[HY000] [2002] Нет такого файла или каталога
[2016-11-28 12:51:10] (ERROR @ /opt/lampp/htdocs/core/xpdo/om/xpdoquery.class.php : 637) Could not construct or prepare query because it is invalid or could not connect: SELECT `modSession`.`id` AS `modSession_id`, `modSession`.`access` AS `modSession_access`, `modSession`.`data` AS `modSession_data` FROM `modxx_session` AS `modSession` WHERE `modSession`.`id` = ? 
[2016-11-28 12:51:10] (ERROR in xPDOConnection::connect @ /opt/lampp/htdocs/core/xpdo/xpdo.class.php : 3097) SQLSTATE[HY000] [2002] Нет такого файла или каталога
[2016-11-28 12:51:10] (ERROR @ /opt/lampp/htdocs/core/xpdo/om/xpdoobject.class.php : 263) Error preparing statement for query: SELECT `modSession`.`id` AS `modSession_id`, `modSession`.`access` AS `modSession_access`, `modSession`.`data` AS `modSession_data` FROM `modxx_session` AS `modSession` WHERE `modSession`.`id` = ?  - 
[2016-11-28 12:51:10] (ERROR in xPDOConnection::connect @ /opt/lampp/htdocs/core/xpdo/xpdo.class.php : 3097) SQLSTATE[HY000] [2002] Нет такого файла или каталога
[2016-11-28 12:51:10] (ERROR @ /opt/lampp/htdocs/core/xpdo/om/xpdoquery.class.php : 637) Could not construct or prepare query because it is invalid or could not connect: SELECT `modLexiconEntry`.`id` AS `modLexiconEntry_id`, `modLexiconEntry`.`name` AS `modLexiconEntry_name`, `modLexiconEntry`.`value` AS `modLexiconEntry_value`, `modLexiconEntry`.`topic` AS `modLexiconEntry_topic`, `modLexiconEntry`.`namespace` AS `modLexiconEntry_namespace`, `modLexiconEntry`.`language` AS `modLexiconEntry_language`, `modLexiconEntry`.`createdon` AS `modLexiconEntry_createdon`, `modLexiconEntry`.`editedon` AS `modLexiconEntry_editedon` FROM `modxx_lexicon_entries` AS `modLexiconEntry` JOIN `modxx_namespaces` `Namespace` ON `modLexiconEntry`.`namespace` =  `Namespace`.`name` WHERE  ( `modLexiconEntry`.`topic` = ? AND `modLexiconEntry`.`language` = ? AND `Namespace`.`name` = ? )  ORDER BY `modLexiconEntry`.`name` ASC 
[2016-11-28 12:51:10] (ERROR in xPDOConnection::connect @ /opt/lampp/htdocs/core/xpdo/xpdo.class.php : 3097) SQLSTATE[HY000] [2002] Нет такого файла или каталога
[2016-11-28 12:51:10] (ERROR @ /opt/lampp/htdocs/core/xpdo/om/xpdoobject.class.php : 263) Error preparing statement for query: SELECT `modLexiconEntry`.`id` AS `modLexiconEntry_id`, `modLexiconEntry`.`name` AS `modLexiconEntry_name`, `modLexiconEntry`.`value` AS `modLexiconEntry_value`, `modLexiconEntry`.`topic` AS `modLexiconEntry_topic`, `modLexiconEntry`.`namespace` AS `modLexiconEntry_namespace`, `modLexiconEntry`.`language` AS `modLexiconEntry_language`, `modLexiconEntry`.`createdon` AS `modLexiconEntry_createdon`, `modLexiconEntry`.`editedon` AS `modLexiconEntry_editedon` FROM `modxx_lexicon_entries` AS `modLexiconEntry` JOIN `modxx_namespaces` `Namespace` ON `modLexiconEntry`.`namespace` =  `Namespace`.`name` WHERE  ( `modLexiconEntry`.`topic` = ? AND `modLexiconEntry`.`language` = ? AND `Namespace`.`name` = ? )  ORDER BY `modLexiconEntry`.`name` ASC  - 
[2016-11-28 12:51:10] (ERROR in xPDOConnection::connect @ /opt/lampp/htdocs/core/xpdo/xpdo.class.php : 3097) SQLSTATE[HY000] [2002] Нет такого файла или каталога
[2016-11-28 12:51:10] (ERROR @ /opt/lampp/htdocs/core/xpdo/om/xpdoquery.class.php : 637) Could not construct or prepare query because it is invalid or could not connect: SELECT `modLexiconEntry`.`id` AS `modLexiconEntry_id`, `modLexiconEntry`.`name` AS `modLexiconEntry_name`, `modLexiconEntry`.`value` AS `modLexiconEntry_value`, `modLexiconEntry`.`topic` AS `modLexiconEntry_topic`, `modLexiconEntry`.`namespace` AS `modLexiconEntry_namespace`, `modLexiconEntry`.`language` AS `modLexiconEntry_language`, `modLexiconEntry`.`createdon` AS `modLexiconEntry_createdon`, `modLexiconEntry`.`editedon` AS `modLexiconEntry_editedon` FROM `modxx_lexicon_entries` AS `modLexiconEntry` JOIN `modxx_namespaces` `Namespace` ON `modLexiconEntry`.`namespace` =  `Namespace`.`name` WHERE  ( `modLexiconEntry`.`topic` = ? AND `modLexiconEntry`.`language` = ? AND `Namespace`.`name` = ? )  ORDER BY `modLexiconEntry`.`name` ASC 
[2016-11-28 12:51:10] (ERROR in xPDOConnection::connect @ /opt/lampp/htdocs/core/xpdo/xpdo.class.php : 3097) SQLSTATE[HY000] [2002] Нет такого файла или каталога
[2016-11-28 12:51:10] (ERROR @ /opt/lampp/htdocs/core/xpdo/om/xpdoobject.class.php : 263) Error preparing statement for query: SELECT `modLexiconEntry`.`id` AS `modLexiconEntry_id`, `modLexiconEntry`.`name` AS `modLexiconEntry_name`, `modLexiconEntry`.`value` AS `modLexiconEntry_value`, `modLexiconEntry`.`topic` AS `modLexiconEntry_topic`, `modLexiconEntry`.`namespace` AS `modLexiconEntry_namespace`, `modLexiconEntry`.`language` AS `modLexiconEntry_language`, `modLexiconEntry`.`createdon` AS `modLexiconEntry_createdon`, `modLexiconEntry`.`editedon` AS `modLexiconEntry_editedon` FROM `modxx_lexicon_entries` AS `modLexiconEntry` JOIN `modxx_namespaces` `Namespace` ON `modLexiconEntry`.`namespace` =  `Namespace`.`name` WHERE  ( `modLexiconEntry`.`topic` = ? AND `modLexiconEntry`.`language` = ? AND `Namespace`.`name` = ? )  ORDER BY `modLexiconEntry`.`name` ASC  - 
[2016-11-28 12:51:10] (ERROR in xPDOConnection::connect @ /opt/lampp/htdocs/core/xpdo/xpdo.class.php : 3097) SQLSTATE[HY000] [2002] Нет такого файла или каталога
[2016-11-28 12:51:10] (ERROR @ /opt/lampp/htdocs/core/xpdo/om/xpdoquery.class.php : 637) Could not construct or prepare query because it is invalid or could not connect: SELECT `modLexiconEntry`.`id` AS `modLexiconEntry_id`, `modLexiconEntry`.`name` AS `modLexiconEntry_name`, `modLexiconEntry`.`value` AS `modLexiconEntry_value`, `modLexiconEntry`.`topic` AS `modLexiconEntry_topic`, `modLexiconEntry`.`namespace` AS `modLexiconEntry_namespace`, `modLexiconEntry`.`language` AS `modLexiconEntry_language`, `modLexiconEntry`.`createdon` AS `modLexiconEntry_createdon`, `modLexiconEntry`.`editedon` AS `modLexiconEntry_editedon` FROM `modxx_lexicon_entries` AS `modLexiconEntry` JOIN `modxx_namespaces` `Namespace` ON `modLexiconEntry`.`namespace` =  `Namespace`.`name` WHERE  ( `modLexiconEntry`.`topic` = ? AND `modLexiconEntry`.`language` = ? AND `Namespace`.`name` = ? )  ORDER BY `modLexiconEntry`.`name` ASC 
[2016-11-28 12:51:10] (ERROR in xPDOConnection::connect @ /opt/lampp/htdocs/core/xpdo/xpdo.class.php : 3097) SQLSTATE[HY000] [2002] Нет такого файла или каталога
[2016-11-28 12:51:10] (ERROR @ /opt/lampp/htdocs/core/xpdo/om/xpdoobject.class.php : 263) Error preparing statement for query: SELECT `modLexiconEntry`.`id` AS `modLexiconEntry_id`, `modLexiconEntry`.`name` AS `modLexiconEntry_name`, `modLexiconEntry`.`value` AS `modLexiconEntry_value`, `modLexiconEntry`.`topic` AS `modLexiconEntry_topic`, `modLexiconEntry`.`namespace` AS `modLexiconEntry_namespace`, `modLexiconEntry`.`language` AS `modLexiconEntry_language`, `modLexiconEntry`.`createdon` AS `modLexiconEntry_createdon`, `modLexiconEntry`.`editedon` AS `modLexiconEntry_editedon` FROM `modxx_lexicon_entries` AS `modLexiconEntry` JOIN `modxx_namespaces` `Namespace` ON `modLexiconEntry`.`namespace` =  `Namespace`.`name` WHERE  ( `modLexiconEntry`.`topic` = ? AND `modLexiconEntry`.`language` = ? AND `Namespace`.`name` = ? )  ORDER BY `modLexiconEntry`.`name` ASC  - 
[2016-11-28 12:51:10] (ERROR in xPDOConnection::connect @ /opt/lampp/htdocs/core/xpdo/xpdo.class.php : 3097) SQLSTATE[HY000] [2002] Нет такого файла или каталога
[2016-11-28 12:51:10] (ERROR @ /opt/lampp/htdocs/core/xpdo/om/xpdoquery.class.php : 637) Could not construct or prepare query because it is invalid or could not connect: SELECT `modLexiconEntry`.`id` AS `modLexiconEntry_id`, `modLexiconEntry`.`name` AS `modLexiconEntry_name`, `modLexiconEntry`.`value` AS `modLexiconEntry_value`, `modLexiconEntry`.`topic` AS `modLexiconEntry_topic`, `modLexiconEntry`.`namespace` AS `modLexiconEntry_namespace`, `modLexiconEntry`.`language` AS `modLexiconEntry_language`, `modLexiconEntry`.`createdon` AS `modLexiconEntry_createdon`, `modLexiconEntry`.`editedon` AS `modLexiconEntry_editedon` FROM `modxx_lexicon_entries` AS `modLexiconEntry` JOIN `modxx_namespaces` `Namespace` ON `modLexiconEntry`.`namespace` =  `Namespace`.`name` WHERE  ( `modLexiconEntry`.`topic` = ? AND `modLexiconEntry`.`language` = ? AND `Namespace`.`name` = ? )  ORDER BY `modLexiconEntry`.`name` ASC 
[2016-11-28 12:51:10] (ERROR in xPDOConnection::connect @ /opt/lampp/htdocs/core/xpdo/xpdo.class.php : 3097) SQLSTATE[HY000] [2002] Нет такого файла или каталога
[2016-11-28 12:51:10] (ERROR @ /opt/lampp/htdocs/core/xpdo/om/xpdoobject.class.php : 263) Error preparing statement for query: SELECT `modLexiconEntry`.`id` AS `modLexiconEntry_id`, `modLexiconEntry`.`name` AS `modLexiconEntry_name`, `modLexiconEntry`.`value` AS `modLexiconEntry_value`, `modLexiconEntry`.`topic` AS `modLexiconEntry_topic`, `modLexiconEntry`.`namespace` AS `modLexiconEntry_namespace`, `modLexiconEntry`.`language` AS `modLexiconEntry_language`, `modLexiconEntry`.`createdon` AS `modLexiconEntry_createdon`, `modLexiconEntry`.`editedon` AS `modLexiconEntry_editedon` FROM `modxx_lexicon_entries` AS `modLexiconEntry` JOIN `modxx_namespaces` `Namespace` ON `modLexiconEntry`.`namespace` =  `Namespace`.`name` WHERE  ( `modLexiconEntry`.`topic` = ? AND `modLexiconEntry`.`language` = ? AND `Namespace`.`name` = ? )  ORDER BY `modLexiconEntry`.`name` ASC  - 
[2016-11-28 12:51:10] (ERROR in xPDOConnection::connect @ /opt/lampp/htdocs/core/xpdo/xpdo.class.php : 3097) SQLSTATE[HY000] [2002] Нет такого файла или каталога
[2016-11-28 12:51:10] (ERROR @ /opt/lampp/htdocs/core/xpdo/om/xpdoquery.class.php : 637) Could not construct or prepare query because it is invalid or could not connect: SELECT `modLexiconEntry`.`id` AS `modLexiconEntry_id`, `modLexiconEntry`.`name` AS `modLexiconEntry_name`, `modLexiconEntry`.`value` AS `modLexiconEntry_value`, `modLexiconEntry`.`topic` AS `modLexiconEntry_topic`, `modLexiconEntry`.`namespace` AS `modLexiconEntry_namespace`, `modLexiconEntry`.`language` AS `modLexiconEntry_language`, `modLexiconEntry`.`createdon` AS `modLexiconEntry_createdon`, `modLexiconEntry`.`editedon` AS `modLexiconEntry_editedon` FROM `modxx_lexicon_entries` AS `modLexiconEntry` JOIN `modxx_namespaces` `Namespace` ON `modLexiconEntry`.`namespace` =  `Namespace`.`name` WHERE  ( `modLexiconEntry`.`topic` = ? AND `modLexiconEntry`.`language` = ? AND `Namespace`.`name` = ? )  ORDER BY `modLexiconEntry`.`name` ASC 
[2016-11-28 12:51:10] (ERROR in xPDOConnection::connect @ /opt/lampp/htdocs/core/xpdo/xpdo.class.php : 3097) SQLSTATE[HY000] [2002] Нет такого файла или каталога
[2016-11-28 12:51:10] (ERROR @ /opt/lampp/htdocs/core/xpdo/om/xpdoobject.class.php : 263) Error preparing statement for query: SELECT `modLexiconEntry`.`id` AS `modLexiconEntry_id`, `modLexiconEntry`.`name` AS `modLexiconEntry_name`, `modLexiconEntry`.`value` AS `modLexiconEntry_value`, `modLexiconEntry`.`topic` AS `modLexiconEntry_topic`, `modLexiconEntry`.`namespace` AS `modLexiconEntry_namespace`, `modLexiconEntry`.`language` AS `modLexiconEntry_language`, `modLexiconEntry`.`createdon` AS `modLexiconEntry_createdon`, `modLexiconEntry`.`editedon` AS `modLexiconEntry_editedon` FROM `modxx_lexicon_entries` AS `modLexiconEntry` JOIN `modxx_namespaces` `Namespace` ON `modLexiconEntry`.`namespace` =  `Namespace`.`name` WHERE  ( `modLexiconEntry`.`topic` = ? AND `modLexiconEntry`.`language` = ? AND `Namespace`.`name` = ? )  ORDER BY `modLexiconEntry`.`name` ASC  - 
[2016-11-28 12:51:11] (ERROR in xPDOConnection::connect @ /opt/lampp/htdocs/core/xpdo/xpdo.class.php : 3097) SQLSTATE[HY000] [2002] Нет такого файла или каталога
[2016-11-28 12:51:11] (ERROR @ /opt/lampp/htdocs/core/xpdo/om/xpdoquery.class.php : 637) Could not construct or prepare query because it is invalid or could not connect: SELECT `modActionDom`.`id`, `modActionDom`.`set`, `modActionDom`.`action`, `modActionDom`.`name`, `modActionDom`.`description`, `modActionDom`.`xtype`, `modActionDom`.`container`, `modActionDom`.`rule`, `modActionDom`.`value`, `modActionDom`.`constraint`, `modActionDom`.`constraint_field`, `modActionDom`.`constraint_class`, `modActionDom`.`active`, `modActionDom`.`for_parent`, `modActionDom`.`rank`, `FCSet`.`constraint_class`, `FCSet`.`constraint_field`, `FCSet`.`constraint`, `FCSet`.`template` FROM `modxx_actiondom` AS `modActionDom` JOIN `modxx_fc_sets` `FCSet` ON `modActionDom`.`set` =  `FCSet`.`id` JOIN `modxx_fc_profiles` `Profile` ON FCSet.profile = Profile.id LEFT JOIN `modxx_fc_profiles_usergroups` `ProfileUserGroup` ON Profile.id = ProfileUserGroup.profile LEFT JOIN `modxx_fc_profiles` `UGProfile` ON UGProfile.id = ProfileUserGroup.profile WHERE  ( `modActionDom`.`action` = ? AND `modActionDom`.`for_parent` = ? AND `FCSet`.`active` = ? AND `Profile`.`active` = ? )  ORDER BY modActionDom.rank ASC 
[2016-11-28 12:51:11] (ERROR in xPDOConnection::connect @ /opt/lampp/htdocs/core/xpdo/xpdo.class.php : 3097) SQLSTATE[HY000] [2002] Нет такого файла или каталога
[2016-11-28 12:51:11] (ERROR @ /opt/lampp/htdocs/core/xpdo/om/xpdoobject.class.php : 263) Error preparing statement for query: SELECT `modActionDom`.`id`, `modActionDom`.`set`, `modActionDom`.`action`, `modActionDom`.`name`, `modActionDom`.`description`, `modActionDom`.`xtype`, `modActionDom`.`container`, `modActionDom`.`rule`, `modActionDom`.`value`, `modActionDom`.`constraint`, `modActionDom`.`constraint_field`, `modActionDom`.`constraint_class`, `modActionDom`.`active`, `modActionDom`.`for_parent`, `modActionDom`.`rank`, `FCSet`.`constraint_class`, `FCSet`.`constraint_field`, `FCSet`.`constraint`, `FCSet`.`template` FROM `modxx_actiondom` AS `modActionDom` JOIN `modxx_fc_sets` `FCSet` ON `modActionDom`.`set` =  `FCSet`.`id` JOIN `modxx_fc_profiles` `Profile` ON FCSet.profile = Profile.id LEFT JOIN `modxx_fc_profiles_usergroups` `ProfileUserGroup` ON Profile.id = ProfileUserGroup.profile LEFT JOIN `modxx_fc_profiles` `UGProfile` ON UGProfile.id = ProfileUserGroup.profile WHERE  ( `modActionDom`.`action` = ? AND `modActionDom`.`for_parent` = ? AND `FCSet`.`active` = ? AND `Profile`.`active` = ? )  ORDER BY modActionDom.rank ASC  - 
[2016-11-28 12:51:11] (ERROR in xPDOConnection::connect @ /opt/lampp/htdocs/core/xpdo/xpdo.class.php : 3097) SQLSTATE[HY000] [2002] Нет такого файла или каталога
[2016-11-28 12:51:11] (ERROR @ /opt/lampp/htdocs/core/xpdo/om/xpdoquery.class.php : 637) Could not construct or prepare query because it is invalid or could not connect: SELECT `modSession`.`id` AS `modSession_id`, `modSession`.`access` AS `modSession_access`, `modSession`.`data` AS `modSession_data` FROM `modxx_session` AS `modSession` WHERE `modSession`.`id` = ? 
[2016-11-28 12:51:11] (ERROR in xPDOConnection::connect @ /opt/lampp/htdocs/core/xpdo/xpdo.class.php : 3097) SQLSTATE[HY000] [2002] Нет такого файла или каталога
[2016-11-28 12:51:11] (ERROR @ /opt/lampp/htdocs/core/xpdo/om/xpdoobject.class.php : 263) Error preparing statement for query: SELECT `modSession`.`id` AS `modSession_id`, `modSession`.`access` AS `modSession_access`, `modSession`.`data` AS `modSession_data` FROM `modxx_session` AS `modSession` WHERE `modSession`.`id` = ?  - 
[2016-11-28 12:51:11] (ERROR in xPDOConnection::connect @ /opt/lampp/htdocs/core/xpdo/xpdo.class.php : 3097) SQLSTATE[HY000] [2002] Нет такого файла или каталога
[2016-11-28 12:51:11] (ERROR in xPDOConnection::connect @ /opt/lampp/htdocs/core/xpdo/xpdo.class.php : 3097) SQLSTATE[HY000] [2002] Нет такого файла или каталога
[2016-11-28 12:51:41] (ERROR @ /opt/lampp/htdocs/core/components/formit/model/formit/fihooks.class.php : 570) [FormIt] Произошла ошибка при попытке отправить почту. Ошибка соединения с SMTP-сервером https://github.com/PHPMailer/PHPMailer/wiki/Troubleshooting
[2016-11-28 12:51:41] (ERROR @ /opt/lampp/htdocs/core/components/formit/model/formit/fihooks.class.php : 570) [FormIt] Произошла ошибка при попытке отправить почту. Ошибка соединения с SMTP-сервером https://github.com/PHPMailer/PHPMailer/wiki/Troubleshooting
[2016-11-28 12:53:08] (ERROR @ /opt/lampp/htdocs/core/components/formit/model/formit/fihooks.class.php : 570) [FormIt] Произошла ошибка при попытке отправить почту. Ошибка соединения с SMTP-сервером https://github.com/PHPMailer/PHPMailer/wiki/Troubleshooting
[2016-11-28 12:55:27] (ERROR @ /opt/lampp/htdocs/core/components/formit/model/formit/fihooks.class.php : 570) [FormIt] Произошла ошибка при попытке отправить почту. Ошибка соединения с SMTP-сервером https://github.com/PHPMailer/PHPMailer/wiki/Troubleshooting
[2016-11-29 04:10:46] (ERROR @ /opt/lampp/htdocs/core/components/formit/model/formit/fihooks.class.php : 570) [FormIt] Произошла ошибка при попытке отправить почту. Ошибка соединения с SMTP-сервером https://github.com/PHPMailer/PHPMailer/wiki/Troubleshooting
[2016-11-29 04:13:13] (ERROR @ /opt/lampp/htdocs/core/components/formit/model/formit/fihooks.class.php : 570) [FormIt] Произошла ошибка при попытке отправить почту. Ошибка соединения с SMTP-сервером https://github.com/PHPMailer/PHPMailer/wiki/Troubleshooting
[2016-11-29 04:18:44] (ERROR @ /opt/lampp/htdocs/core/components/formit/model/formit/fihooks.class.php : 570) [FormIt] Произошла ошибка при попытке отправить почту. Ошибка соединения с SMTP-сервером https://github.com/PHPMailer/PHPMailer/wiki/Troubleshooting
[2016-11-29 04:30:32] (ERROR @ /opt/lampp/htdocs/core/components/formit/model/formit/fihooks.class.php : 570) [FormIt] Произошла ошибка при попытке отправить почту. Ошибка соединения с SMTP-сервером https://github.com/PHPMailer/PHPMailer/wiki/Troubleshooting
[2016-11-29 04:34:42] (ERROR @ /opt/lampp/htdocs/core/components/formit/model/formit/fihooks.class.php : 570) [FormIt] Произошла ошибка при попытке отправить почту. Ошибка соединения с SMTP-сервером https://github.com/PHPMailer/PHPMailer/wiki/Troubleshooting
[2016-11-29 04:37:19] (ERROR @ /opt/lampp/htdocs/core/components/formit/model/formit/fihooks.class.php : 570) [FormIt] Произошла ошибка при попытке отправить почту. Ошибка соединения с SMTP-сервером https://github.com/PHPMailer/PHPMailer/wiki/Troubleshooting
[2016-11-29 04:42:02] (ERROR @ /opt/lampp/htdocs/core/components/formit/model/formit/fihooks.class.php : 570) [FormIt] Произошла ошибка при попытке отправить почту. Ошибка соединения с SMTP-сервером https://github.com/PHPMailer/PHPMailer/wiki/Troubleshooting
[2016-11-29 05:30:23] (ERROR @ /opt/lampp/htdocs/core/components/formit/model/formit/fihooks.class.php : 570) [FormIt] Произошла ошибка при попытке отправить почту. Ошибка соединения с SMTP-сервером https://github.com/PHPMailer/PHPMailer/wiki/Troubleshooting
[2016-11-29 05:45:22] (ERROR @ /opt/lampp/htdocs/core/components/formit/model/formit/fihooks.class.php : 570) [FormIt] Произошла ошибка при попытке отправить почту. Ошибка соединения с SMTP-сервером https://github.com/PHPMailer/PHPMailer/wiki/Troubleshooting
[2016-11-29 05:50:18] (ERROR @ /opt/lampp/htdocs/core/components/formit/model/formit/fihooks.class.php : 570) [FormIt] Произошла ошибка при попытке отправить почту. Ошибка соединения с SMTP-сервером https://github.com/PHPMailer/PHPMailer/wiki/Troubleshooting
[2016-11-29 05:53:58] (ERROR @ /opt/lampp/htdocs/core/components/formit/model/formit/fihooks.class.php : 570) [FormIt] Произошла ошибка при попытке отправить почту. Ошибка соединения с SMTP-сервером https://github.com/PHPMailer/PHPMailer/wiki/Troubleshooting
[2016-11-29 05:54:47] (ERROR @ /opt/lampp/htdocs/core/components/formit/model/formit/fihooks.class.php : 570) [FormIt] Произошла ошибка при попытке отправить почту. Неверный адрес отправителя: montana-1_90@mail.ru : Called MAIL FROM without being connected,,,Ошибка SMTP-сервера: Called MAIL FROM without being connectedОшибка SMTP-сервера: Called MAIL FROM without being connected
[2016-11-29 06:10:02] (ERROR @ /opt/lampp/htdocs/core/components/formit/model/formit/fihooks.class.php : 570) [FormIt] Произошла ошибка при попытке отправить почту. Неверный адрес отправителя: m.bekrenev@slonagency.ru : Called MAIL FROM without being connected,,,Ошибка SMTP-сервера: Called MAIL FROM without being connectedОшибка SMTP-сервера: Called MAIL FROM without being connected
[2016-11-29 06:20:40] (ERROR @ /opt/lampp/htdocs/core/components/formit/model/formit/fihooks.class.php : 570) [FormIt] Произошла ошибка при попытке отправить почту. Неверный адрес отправителя: montana-1_90@mail.ru : Called MAIL FROM without being connected,,,Ошибка SMTP-сервера: Called MAIL FROM without being connectedОшибка SMTP-сервера: Called MAIL FROM without being connected
[2016-11-29 06:26:12] (ERROR @ /opt/lampp/htdocs/core/components/formit/model/formit/fihooks.class.php : 570) [FormIt] Произошла ошибка при попытке отправить почту. Неверный адрес отправителя: montana-1_90@mail.ru : Called MAIL FROM without being connected,,,Ошибка SMTP-сервера: Called MAIL FROM without being connectedОшибка SMTP-сервера: Called MAIL FROM without being connected
[2016-11-29 06:31:29] (ERROR @ /opt/lampp/htdocs/core/components/formit/model/formit/fihooks.class.php : 570) [FormIt] Произошла ошибка при попытке отправить почту. Неверный адрес отправителя: montana-1_90@mail.ru : Called MAIL FROM without being connected,,,Ошибка SMTP-сервера: Called MAIL FROM without being connectedОшибка SMTP-сервера: Called MAIL FROM without being connected
[2016-11-29 06:46:37] (ERROR @ /opt/lampp/htdocs/core/components/formit/model/formit/fihooks.class.php : 570) [FormIt] Произошла ошибка при попытке отправить почту. Неверный адрес отправителя: montana-1_90@mail.ru : Called MAIL FROM without being connected,,,Ошибка SMTP-сервера: Called MAIL FROM without being connectedОшибка SMTP-сервера: Called MAIL FROM without being connected
[2016-11-29 06:49:06] (ERROR @ /opt/lampp/htdocs/core/components/formit/model/formit/fihooks.class.php : 570) [FormIt] Произошла ошибка при попытке отправить почту. Ошибка соединения с SMTP-сервером https://github.com/PHPMailer/PHPMailer/wiki/Troubleshooting
[2016-11-29 07:31:28] (ERROR @ /opt/lampp/htdocs/core/components/formit/model/formit/fihooks.class.php : 570) [FormIt] Произошла ошибка при попытке отправить почту. Ошибка SMTP: отправка по следующим адресам получателей не удалась: montana-1_90@mail.ru: sender address must match authenticated user

[2016-11-29 07:32:22] (ERROR @ /opt/lampp/htdocs/core/components/formit/model/formit/fihooks.class.php : 570) [FormIt] Произошла ошибка при попытке отправить почту. Неверный адрес отправителя: m.bekrenev@slonagency.ru : MAIL FROM command failed,not local sender over smtp
,550,Ошибка SMTP-сервера: MAIL FROM command failed Detail: not local sender over smtp
 SMTP code: 550Ошибка SMTP-сервера: MAIL FROM command failed Detail: not local sender over smtp
 SMTP code: 550
[2016-11-29 07:34:03] (ERROR @ /opt/lampp/htdocs/core/components/formit/model/formit/fihooks.class.php : 570) [FormIt] Произошла ошибка при попытке отправить почту. Неверный адрес отправителя: montana-diablo@rambler.ru : MAIL FROM command failed,not local sender over smtp
,550,Ошибка SMTP-сервера: MAIL FROM command failed Detail: not local sender over smtp
 SMTP code: 550Ошибка SMTP-сервера: MAIL FROM command failed Detail: not local sender over smtp
 SMTP code: 550
[2016-11-29 07:35:18] (ERROR @ /opt/lampp/htdocs/core/components/formit/model/formit/fihooks.class.php : 570) [FormIt] Произошла ошибка при попытке отправить почту. Неверный адрес отправителя: montana-diablo@rambler.ru : MAIL FROM command failed,not local sender over smtp
,550,Ошибка SMTP-сервера: MAIL FROM command failed Detail: not local sender over smtp
 SMTP code: 550Ошибка SMTP-сервера: MAIL FROM command failed Detail: not local sender over smtp
 SMTP code: 550
[2016-11-29 07:35:23] (ERROR @ /opt/lampp/htdocs/core/components/formit/model/formit/fihooks.class.php : 570) [FormIt] Произошла ошибка при попытке отправить почту. Неверный адрес отправителя: b.bekrenev@slonagency.ru : MAIL FROM command failed,not local sender over smtp
,550,Ошибка SMTP-сервера: MAIL FROM command failed Detail: not local sender over smtp
 SMTP code: 550Ошибка SMTP-сервера: MAIL FROM command failed Detail: not local sender over smtp
 SMTP code: 550
[2016-11-29 07:44:09] (ERROR @ /opt/lampp/htdocs/core/components/formit/model/formit/fihooks.class.php : 570) [FormIt] Произошла ошибка при попытке отправить почту. Ошибка SMTP: отправка по следующим адресам получателей не удалась: montana-1_90@mail.ru: sender address must match authenticated user

[2016-11-29 07:44:21] (ERROR @ /opt/lampp/htdocs/core/components/formit/model/formit/fihooks.class.php : 570) [FormIt] Произошла ошибка при попытке отправить почту. Ошибка SMTP: отправка по следующим адресам получателей не удалась: montana-1_90@mail.ru: sender address must match authenticated user

[2016-11-29 07:44:54] (ERROR @ /opt/lampp/htdocs/core/components/formit/model/formit/fihooks.class.php : 570) [FormIt] Произошла ошибка при попытке отправить почту. Ошибка SMTP: данные не приняты.Ошибка SMTP-сервера: DATA command failed Detail: Administrative prohibition -- authorization required.  Users in your domain are not allowed to send email without authorization.  See http://help.mail.ru/mail-help/mailer/popsmtp for details.
 SMTP code: 503
[2016-11-29 07:47:21] (ERROR @ /opt/lampp/htdocs/core/components/formit/model/formit/fihooks.class.php : 570) [FormIt] Произошла ошибка при попытке отправить почту. Ошибка SMTP: отправка по следующим адресам получателей не удалась: montana-1_90@mail.ru: sender address must match authenticated user

[2016-11-29 07:48:34] (ERROR @ /opt/lampp/htdocs/core/components/formit/model/formit/fihooks.class.php : 570) [FormIt] Произошла ошибка при попытке отправить почту. Ошибка соединения с SMTP-сервером https://github.com/PHPMailer/PHPMailer/wiki/Troubleshooting
[2016-11-29 07:50:20] (ERROR @ /opt/lampp/htdocs/core/components/formit/model/formit/fihooks.class.php : 570) [FormIt] Произошла ошибка при попытке отправить почту. Ошибка соединения с SMTP-сервером https://github.com/PHPMailer/PHPMailer/wiki/Troubleshooting
[2016-11-29 07:50:23] (ERROR @ /opt/lampp/htdocs/core/components/formit/model/formit/fihooks.class.php : 570) [FormIt] Произошла ошибка при попытке отправить почту. Ошибка соединения с SMTP-сервером https://github.com/PHPMailer/PHPMailer/wiki/Troubleshooting
[2016-11-29 07:50:39] (ERROR @ /opt/lampp/htdocs/core/components/formit/model/formit/fihooks.class.php : 570) [FormIt] Произошла ошибка при попытке отправить почту. Ошибка соединения с SMTP-сервером https://github.com/PHPMailer/PHPMailer/wiki/Troubleshooting
[2016-11-29 07:51:46] (ERROR @ /opt/lampp/htdocs/core/components/formit/model/formit/fihooks.class.php : 570) [FormIt] Произошла ошибка при попытке отправить почту. Ошибка соединения с SMTP-сервером https://github.com/PHPMailer/PHPMailer/wiki/Troubleshooting
[2016-11-29 07:53:18] (ERROR @ /opt/lampp/htdocs/core/components/formit/model/formit/fihooks.class.php : 570) [FormIt] Произошла ошибка при попытке отправить почту. Ошибка соединения с SMTP-сервером https://github.com/PHPMailer/PHPMailer/wiki/Troubleshooting
[2016-11-29 07:54:10] (ERROR @ /opt/lampp/htdocs/core/components/formit/model/formit/fihooks.class.php : 570) [FormIt] Произошла ошибка при попытке отправить почту. Ошибка соединения с SMTP-сервером https://github.com/PHPMailer/PHPMailer/wiki/Troubleshooting
[2016-11-29 07:54:25] (ERROR @ /opt/lampp/htdocs/core/components/formit/model/formit/fihooks.class.php : 570) [FormIt] Произошла ошибка при попытке отправить почту. Ошибка соединения с SMTP-сервером https://github.com/PHPMailer/PHPMailer/wiki/Troubleshooting
[2016-11-29 07:55:00] (ERROR @ /opt/lampp/htdocs/core/components/formit/model/formit/fihooks.class.php : 570) [FormIt] Произошла ошибка при попытке отправить почту. Ошибка соединения с SMTP-сервером https://github.com/PHPMailer/PHPMailer/wiki/Troubleshooting
[2016-11-29 08:15:02] (ERROR @ /opt/lampp/htdocs/core/model/modx/modcachemanager.class.php : 344) Error caching lexicon topic lexicon/ru/core/resource
[2016-11-29 12:37:29] (ERROR @ /opt/lampp/htdocs/core/components/formit/model/formit/fihooks.class.php : 570) [FormIt] Произошла ошибка при попытке отправить почту. Пожалуйста, введите хотя бы один адрес e-mail получателя.
[2016-11-29 12:37:48] (ERROR @ /opt/lampp/htdocs/core/components/formit/model/formit/fihooks.class.php : 570) [FormIt] Произошла ошибка при попытке отправить почту. Пожалуйста, введите хотя бы один адрес e-mail получателя.
[2016-11-30 12:19:20] (ERROR @ /opt/lampp/htdocs/core/model/modx/modcachemanager.class.php : 344) Error caching lexicon topic lexicon/ru/core/menu
[2016-12-05 10:57:20] (ERROR @ /opt/lampp/htdocs/core/components/formit/model/formit/fihooks.class.php : 570) [FormIt] Произошла ошибка при попытке отправить почту. Пустое тело сообщения
[2016-12-05 10:57:23] (ERROR @ /opt/lampp/htdocs/core/components/formit/model/formit/fihooks.class.php : 570) [FormIt] Произошла ошибка при попытке отправить почту. Пустое тело сообщения
[2016-12-05 10:57:41] (ERROR @ /opt/lampp/htdocs/core/components/formit/model/formit/fihooks.class.php : 570) [FormIt] Произошла ошибка при попытке отправить почту. Пустое тело сообщения
[2016-12-05 10:58:03] (ERROR @ /opt/lampp/htdocs/core/components/formit/model/formit/fihooks.class.php : 570) [FormIt] Произошла ошибка при попытке отправить почту. Пустое тело сообщения
[2016-12-05 11:15:38] (ERROR @ /opt/lampp/htdocs/core/model/modx/modcachemanager.class.php : 344) Error caching lexicon topic lexicon/ru/core/namespace
[2016-12-05 11:31:35] (ERROR @ /opt/lampp/htdocs/core/model/modx/mail/modphpmailer.class.php : 152) modPHPMailer не поддерживает отмену отправки по некоторым адресам. Используйте метод reset() для очистки всех получателей и после этого добавьте нужных получателей снова.
[2016-12-05 11:31:35] (ERROR @ /opt/lampp/htdocs/core/cache/includes/elements/modsnippet/35.include.cache.php : 28) An error occurred while trying to send the email: 
[2016-12-05 11:34:31] (ERROR @ /opt/lampp/htdocs/core/model/modx/mail/modphpmailer.class.php : 152) modPHPMailer не поддерживает отмену отправки по некоторым адресам. Используйте метод reset() для очистки всех получателей и после этого добавьте нужных получателей снова.
[2016-12-05 11:34:31] (ERROR @ /opt/lampp/htdocs/core/cache/includes/elements/modsnippet/35.include.cache.php : 28) An error occurred while trying to send the email: 
[2016-12-05 11:38:46] (ERROR @ /opt/lampp/htdocs/core/model/modx/mail/modphpmailer.class.php : 152) modPHPMailer не поддерживает отмену отправки по некоторым адресам. Используйте метод reset() для очистки всех получателей и после этого добавьте нужных получателей снова.
[2016-12-05 11:38:46] (ERROR @ /opt/lampp/htdocs/core/cache/includes/elements/modsnippet/35.include.cache.php : 28) An error occurred while trying to send the email: 
[2016-12-05 11:39:39] (ERROR @ /opt/lampp/htdocs/core/model/modx/mail/modphpmailer.class.php : 152) modPHPMailer не поддерживает отмену отправки по некоторым адресам. Используйте метод reset() для очистки всех получателей и после этого добавьте нужных получателей снова.
[2016-12-05 11:39:39] (ERROR @ /opt/lampp/htdocs/core/cache/includes/elements/modsnippet/35.include.cache.php : 28) An error occurred while trying to send the email: 
[2016-12-05 11:40:42] (ERROR @ /opt/lampp/htdocs/core/model/modx/mail/modphpmailer.class.php : 152) modPHPMailer не поддерживает отмену отправки по некоторым адресам. Используйте метод reset() для очистки всех получателей и после этого добавьте нужных получателей снова.
[2016-12-05 11:40:42] (ERROR @ /opt/lampp/htdocs/core/cache/includes/elements/modsnippet/35.include.cache.php : 28) An error occurred while trying to send the email: 
[2016-12-05 11:41:19] (ERROR @ /opt/lampp/htdocs/core/model/modx/mail/modphpmailer.class.php : 152) modPHPMailer не поддерживает отмену отправки по некоторым адресам. Используйте метод reset() для очистки всех получателей и после этого добавьте нужных получателей снова.
[2016-12-05 11:41:19] (ERROR @ /opt/lampp/htdocs/core/cache/includes/elements/modsnippet/35.include.cache.php : 28) An error occurred while trying to send the email: 
[2016-12-05 11:41:37] (ERROR @ /opt/lampp/htdocs/core/model/modx/mail/modphpmailer.class.php : 152) modPHPMailer не поддерживает отмену отправки по некоторым адресам. Используйте метод reset() для очистки всех получателей и после этого добавьте нужных получателей снова.
[2016-12-05 11:41:37] (ERROR @ /opt/lampp/htdocs/core/cache/includes/elements/modsnippet/35.include.cache.php : 28) An error occurred while trying to send the email: 
[2016-12-05 11:52:36] (ERROR @ /opt/lampp/htdocs/core/model/modx/mail/modphpmailer.class.php : 152) modPHPMailer не поддерживает отмену отправки по некоторым адресам. Используйте метод reset() для очистки всех получателей и после этого добавьте нужных получателей снова.
[2016-12-05 11:52:36] (ERROR @ /opt/lampp/htdocs/core/cache/includes/elements/modsnippet/35.include.cache.php : 28) An error occurred while trying to send the email: 
[2016-12-05 11:54:40] (ERROR @ /opt/lampp/htdocs/core/cache/includes/elements/modsnippet/35.include.cache.php : 28) An error occurred while trying to send the email: 
[2016-12-05 12:04:07] (ERROR @ /opt/lampp/htdocs/core/components/formit/model/formit/fihooks.class.php : 570) [FormIt] Произошла ошибка при попытке отправить почту. Ошибка соединения с SMTP-сервером https://github.com/PHPMailer/PHPMailer/wiki/Troubleshooting
[2016-12-05 12:04:28] (ERROR @ /opt/lampp/htdocs/core/components/formit/model/formit/fihooks.class.php : 570) [FormIt] Произошла ошибка при попытке отправить почту. Ошибка соединения с SMTP-сервером https://github.com/PHPMailer/PHPMailer/wiki/Troubleshooting
[2016-12-05 12:07:31] (ERROR @ /opt/lampp/htdocs/core/model/modx/modx.class.php : 1812) Recoverable error: Argument 2 passed to modX::getChunk() must be of the type array, null given, called in /opt/lampp/htdocs/core/cache/includes/elements/modsnippet/35.include.cache.php on line 2 and defined
[2016-12-05 12:10:52] (ERROR @ /opt/lampp/htdocs/core/model/modx/modx.class.php : 1812) Recoverable error: Argument 2 passed to modX::getChunk() must be of the type array, null given, called in /opt/lampp/htdocs/core/cache/includes/elements/modsnippet/35.include.cache.php on line 2 and defined
[2016-12-05 12:13:57] (ERROR @ /opt/lampp/htdocs/core/model/modx/modcachemanager.class.php : 344) Error caching lexicon topic lexicon/ru/core/resource
[2016-12-05 12:15:21] (ERROR @ /opt/lampp/htdocs/core/model/modx/modx.class.php : 1812) Recoverable error: Argument 2 passed to modX::getChunk() must be of the type array, null given, called in /opt/lampp/htdocs/core/cache/includes/elements/modsnippet/35.include.cache.php on line 2 and defined
[2016-12-05 12:17:01] (ERROR @ /opt/lampp/htdocs/core/model/modx/modx.class.php : 1812) Recoverable error: Argument 2 passed to modX::getChunk() must be of the type array, null given, called in /opt/lampp/htdocs/core/cache/includes/elements/modsnippet/35.include.cache.php on line 2 and defined
[2016-12-05 12:17:50] (ERROR @ /opt/lampp/htdocs/core/model/modx/modx.class.php : 1812) Recoverable error: Argument 2 passed to modX::getChunk() must be of the type array, null given, called in /opt/lampp/htdocs/core/cache/includes/elements/modsnippet/35.include.cache.php on line 2 and defined
[2016-12-05 12:18:35] (ERROR @ /opt/lampp/htdocs/core/model/modx/modx.class.php : 1812) Recoverable error: Argument 2 passed to modX::getChunk() must be of the type array, null given, called in /opt/lampp/htdocs/core/cache/includes/elements/modsnippet/35.include.cache.php on line 2 and defined
[2016-12-05 12:33:43] (ERROR @ /opt/lampp/htdocs/core/components/formit/model/formit/fihooks.class.php : 570) [FormIt] Произошла ошибка при попытке отправить почту. Ошибка соединения с SMTP-сервером https://github.com/PHPMailer/PHPMailer/wiki/Troubleshooting
